[2025-11-01T10:12:14.388Z] CREATE user=alice file=test.txt
[2025-11-01T10:12:14.491Z] WRITE user=alice file=test.txt
[2025-11-01T10:12:14.779Z] READ user=alice file=test.txt
[2025-11-01T10:12:14.853Z] VIEW user=alice flags=l
[2025-11-01T10:12:14.939Z] UNDO user=alice file=test.txt
[2025-11-01T10:12:51.430Z] CREATE user=alice file=test.txt
[2025-11-01T10:12:51.515Z] WRITE user=alice file=test.txt
[2025-11-01T10:12:51.760Z] READ user=alice file=test.txt
[2025-11-01T10:12:53.086Z] VIEW user=alice flags=l
[2025-11-01T10:12:53.183Z] UNDO user=alice file=test.txt
[2025-11-01T10:18:02.576Z] CREATE user=alice file=doc.txt
[2025-11-01T10:18:02.620Z] WRITE user=alice file=doc.txt
[2025-11-01T10:19:53.749Z] CREATE user=alice file=doc.txt
[2025-11-01T10:19:53.835Z] WRITE user=alice file=doc.txt
[2025-11-01T10:21:11.782Z] CREATE user=alice file=doc.txt
[2025-11-01T10:21:11.867Z] WRITE user=alice file=doc.txt
[2025-11-01T10:21:12.015Z] READ user=alice file=doc.txt
[2025-11-01T10:21:12.119Z] UNDO user=alice file=doc.txt
[2025-11-01T10:22:01.476Z] CREATE user=alice file=doc.txt
[2025-11-01T10:22:01.563Z] WRITE user=alice file=doc.txt
[2025-11-01T10:22:01.897Z] UNDO user=alice file=doc.txt
[2025-11-01T10:25:30.198Z] CREATE user=alice file=doc.txt
[2025-11-01T10:25:30.287Z] WRITE user=alice file=doc.txt
[2025-11-01T10:25:30.460Z] READ user=alice file=doc.txt
[2025-11-01T10:25:30.583Z] UNDO user=alice file=doc.txt
[2025-11-01T10:27:04.170Z] CREATE user=alice file=doc.txt
[2025-11-01T10:27:04.259Z] WRITE user=alice file=doc.txt
[2025-11-01T10:27:04.472Z] READ user=alice file=doc.txt
[2025-11-01T10:27:04.603Z] UNDO user=alice file=doc.txt
[2025-11-01T10:27:04.691Z] READ user=alice file=doc.txt
[2025-11-01T10:27:04.748Z] LIST user=alice
[2025-11-01T10:27:04.792Z] VIEW user=alice flags=al
[2025-11-01T10:42:46.574Z] CREATE user=alice file=doc.txt
[2025-11-01T10:42:46.663Z] WRITE user=alice file=doc.txt
[2025-11-01T10:42:46.831Z] READ user=alice file=doc.txt
[2025-11-01T10:42:46.939Z] UNDO user=alice file=doc.txt
[2025-11-01T10:42:47.027Z] READ user=alice file=doc.txt
[2025-11-01T10:42:47.094Z] LIST user=alice
[2025-11-01T10:42:47.135Z] VIEW user=alice flags=al
[2025-11-01T10:48:14.512Z] CREATE user=alice file=doc.txt
[2025-11-01T10:48:14.599Z] WRITE user=alice file=doc.txt
[2025-11-01T10:48:14.855Z] READ user=alice file=doc.txt
[2025-11-01T10:48:14.983Z] UNDO user=alice file=doc.txt
[2025-11-01T10:48:15.072Z] READ user=alice file=doc.txt
[2025-11-01T10:48:15.139Z] LIST user=alice
[2025-11-01T10:48:15.183Z] VIEW user=alice flags=al
[2025-11-01T10:48:15.276Z] CREATE user=alice file=script.sh
[2025-11-01T10:48:15.364Z] WRITE user=alice file=script.sh
[2025-11-01T10:48:15.526Z] EXEC user=alice file=script.sh
